<?xml version="1.0" encoding="UTF-8"?>
<testng-results skipped="0" failed="0" total="1" passed="1">
  <reporter-output>
  </reporter-output>
  <suite name="Functional Test Suite_SamsungReal" duration-ms="37225" started-at="2018-07-03T10:04:37Z" finished-at="2018-07-03T10:05:15Z">
    <groups>
    </groups>
    <test name="Samsung7" duration-ms="37225" started-at="2018-07-03T10:04:37Z" finished-at="2018-07-03T10:05:15Z">
      <class name="runner.com.MYHomePage.Runner_HomePageVerification">
        <test-method status="PASS" signature="beforeSuite()[pri:0, instance:runner.com.MYHomePage.Runner_HomePageVerification@376b4233]" name="beforeSuite" is-config="true" duration-ms="12" started-at="2018-07-03T15:34:37Z" finished-at="2018-07-03T15:34:37Z">
          <reporter-output>
          </reporter-output>
        </test-method> <!-- beforeSuite -->
        <test-method status="PASS" signature="onBeforeTestMobile(java.lang.String, org.testng.ITestContext)[pri:0, instance:runner.com.MYHomePage.Runner_HomePageVerification@376b4233]" name="onBeforeTestMobile" is-config="true" duration-ms="262" started-at="2018-07-03T15:34:37Z" finished-at="2018-07-03T15:34:38Z">
          <params>
            <param index="0">
              <value>
                <![CDATA[42003a0fd3148479]]>
              </value>
            </param>
            <param index="1">
              <value>
                <![CDATA[org.testng.TestRunner@5f303ecd]]>
              </value>
            </param>
          </params>
          <reporter-output>
          </reporter-output>
        </test-method> <!-- onBeforeTestMobile -->
        <test-method status="FAIL" signature="runCukes()[pri:0, instance:runner.com.MYHomePage.Runner_HomePageVerification@376b4233]" name="runCukes" duration-ms="36459" started-at="2018-07-03T15:34:38Z" finished-at="2018-07-03T15:35:14Z">
          <exception class="java.lang.AssertionError">
            <message>
              <![CDATA[Myntra home page is not displayed expected [true] but found [false]]]>
            </message>
            <full-stacktrace>
              <![CDATA[java.lang.AssertionError: Myntra home page is not displayed expected [true] but found [false]
	at org.testng.Assert.fail(Assert.java:94)
	at org.testng.Assert.failNotEquals(Assert.java:496)
	at org.testng.Assert.assertTrue(Assert.java:42)
	at com.cucumber.framework.pageobject.PG_MY_HomePage.verifyHomePage(PG_MY_HomePage.java:60)
	at com.cucumber.framework.stepdefinition.HomePage.TC_01_HomePageDisplayVerification.user_verifies_home_page_is_displayed(TC_01_HomePageDisplayVerification.java:29)
	at sun.reflect.NativeMethodAccessorImpl.invoke0(Native Method)
	at sun.reflect.NativeMethodAccessorImpl.invoke(Unknown Source)
	at sun.reflect.DelegatingMethodAccessorImpl.invoke(Unknown Source)
	at java.lang.reflect.Method.invoke(Unknown Source)
	at cucumber.runtime.Utils$1.call(Utils.java:40)
	at cucumber.runtime.Timeout.timeout(Timeout.java:16)
	at cucumber.runtime.Utils.invoke(Utils.java:34)
	at cucumber.runtime.java.JavaStepDefinition.execute(JavaStepDefinition.java:38)
	at cucumber.runtime.StepDefinitionMatch.runStep(StepDefinitionMatch.java:37)
	at cucumber.runtime.Runtime.runStep(Runtime.java:300)
	at cucumber.runtime.model.StepContainer.runStep(StepContainer.java:44)
	at cucumber.runtime.model.StepContainer.runSteps(StepContainer.java:39)
	at cucumber.runtime.model.CucumberScenario.run(CucumberScenario.java:44)
	at cucumber.runtime.model.CucumberFeature.run(CucumberFeature.java:165)
	at cucumber.api.testng.TestNGCucumberRunner.runCukes(TestNGCucumberRunner.java:50)
	at runner.com.MYHomePage.Runner_HomePageVerification.runCukes(Runner_HomePageVerification.java:106)
	at sun.reflect.NativeMethodAccessorImpl.invoke0(Native Method)
	at sun.reflect.NativeMethodAccessorImpl.invoke(Unknown Source)
	at sun.reflect.DelegatingMethodAccessorImpl.invoke(Unknown Source)
	at java.lang.reflect.Method.invoke(Unknown Source)
	at org.testng.internal.MethodInvocationHelper.invokeMethod(MethodInvocationHelper.java:85)
	at org.testng.internal.Invoker.invokeMethod(Invoker.java:639)
	at org.testng.internal.Invoker.invokeTestMethod(Invoker.java:816)
	at org.testng.internal.Invoker.invokeTestMethods(Invoker.java:1124)
	at org.testng.internal.TestMethodWorker.invokeTestMethods(TestMethodWorker.java:125)
	at org.testng.internal.TestMethodWorker.run(TestMethodWorker.java:108)
	at org.testng.TestRunner.privateRun(TestRunner.java:774)
	at org.testng.TestRunner.run(TestRunner.java:624)
	at org.testng.SuiteRunner.runTest(SuiteRunner.java:359)
	at org.testng.SuiteRunner.runSequentially(SuiteRunner.java:354)
	at org.testng.SuiteRunner.privateRun(SuiteRunner.java:312)
	at org.testng.SuiteRunner.run(SuiteRunner.java:261)
	at org.testng.SuiteRunnerWorker.runSuite(SuiteRunnerWorker.java:52)
	at org.testng.SuiteRunnerWorker.run(SuiteRunnerWorker.java:86)
	at org.testng.TestNG.runSuitesSequentially(TestNG.java:1191)
	at org.testng.TestNG.runSuitesLocally(TestNG.java:1116)
	at org.testng.TestNG.run(TestNG.java:1024)
	at org.testng.remote.AbstractRemoteTestNG.run(AbstractRemoteTestNG.java:114)
	at org.testng.remote.RemoteTestNG.initAndRun(RemoteTestNG.java:251)
	at org.testng.remote.RemoteTestNG.main(RemoteTestNG.java:77)
]]>
            </full-stacktrace>
          </exception> <!-- java.lang.AssertionError -->
          <reporter-output>
          </reporter-output>
        </test-method> <!-- runCukes -->
        <test-method status="PASS" signature="afterTest()[pri:0, instance:runner.com.MYHomePage.Runner_HomePageVerification@376b4233]" name="afterTest" is-config="true" duration-ms="476" started-at="2018-07-03T15:35:14Z" finished-at="2018-07-03T15:35:15Z">
          <reporter-output>
          </reporter-output>
        </test-method> <!-- afterTest -->
        <test-method status="PASS" signature="afterSuite()[pri:0, instance:runner.com.MYHomePage.Runner_HomePageVerification@376b4233]" name="afterSuite" is-config="true" duration-ms="0" started-at="2018-07-03T15:35:15Z" finished-at="2018-07-03T15:35:15Z">
          <reporter-output>
          </reporter-output>
        </test-method> <!-- afterSuite -->
      </class> <!-- runner.com.MYHomePage.Runner_HomePageVerification -->
    </test> <!-- Samsung7 -->
  </suite> <!-- Functional Test Suite_SamsungReal -->
</testng-results>
